2023-08-06 06:23:03.333954 - Initialized conversion of CBT669
2023-08-06 06:23:04.460667 - Received SBGOLOB.CBT506.FILE669 from FILE669.XMI 
2023-08-06 06:23:04.463210 - Found $$$$EDIT.rexx (text/plain) in SBGOLOB.CBT506.FILE669, moved to FILE669/$$$$EDIT
2023-08-06 06:23:04.464209 - Found $$$#DATE.txt (text/plain) in SBGOLOB.CBT506.FILE669, moved to FILE669/$$$#DATE
2023-08-06 06:23:04.465231 - Found @FILE669.txt (text/plain) in SBGOLOB.CBT506.FILE669, moved to FILE669/@FILE669
2023-08-06 06:23:04.466273 - Found ISPDPX01.jcl (text/plain) in SBGOLOB.CBT506.FILE669, moved to FILE669/ISPDPX01
2023-08-06 06:23:04.467213 - Found ISPXMACS.txt (text/plain) in SBGOLOB.CBT506.FILE669, moved to FILE669/ISPXMACS
2023-08-06 06:23:04.468068 - Found ISX1DOC.txt (text/plain) in SBGOLOB.CBT506.FILE669, moved to FILE669/ISX1DOC
2023-08-06 06:23:04.468879 - Found ISX1HIST.txt (text/plain) in SBGOLOB.CBT506.FILE669, moved to FILE669/ISX1HIST
2023-08-06 06:23:04.469771 - Found ISX1IVP$.jcl (text/plain) in SBGOLOB.CBT506.FILE669, moved to FILE669/ISX1IVP$
2023-08-06 06:23:04.470789 - Found ISX1IVP1.rexx (text/plain) in SBGOLOB.CBT506.FILE669, moved to FILE669/ISX1IVP1
2023-08-06 06:23:04.471721 - Found ISX1I006.rexx (text/plain) in SBGOLOB.CBT506.FILE669, moved to FILE669/ISX1I006
2023-08-06 06:23:04.472594 - Found ISX1MACS.txt (text/plain) in SBGOLOB.CBT506.FILE669, moved to FILE669/ISX1MACS
2023-08-06 06:23:04.473645 - Found ISX1PNL1.txt (text/plain) in SBGOLOB.CBT506.FILE669, moved to FILE669/ISX1PNL1
2023-08-06 06:23:04.474586 - Found ISX1PNL2.txt (text/plain) in SBGOLOB.CBT506.FILE669, moved to FILE669/ISX1PNL2
2023-08-06 06:23:04.475624 - Found ISX1PNL4.txt (text/plain) in SBGOLOB.CBT506.FILE669, moved to FILE669/ISX1PNL4
2023-08-06 06:23:04.476684 - Found ISX1PNL5.txt (text/plain) in SBGOLOB.CBT506.FILE669, moved to FILE669/ISX1PNL5
2023-08-06 06:23:04.477716 - Found ISX1RDME.txt (text/plain) in SBGOLOB.CBT506.FILE669, moved to FILE669/ISX1RDME
2023-08-06 06:23:04.478681 - Found PERFTEST.jcl (text/plain) in SBGOLOB.CBT506.FILE669, moved to FILE669/PERFTEST
2023-08-06 06:23:04.479811 - Found REXXGBLV.jcl (text/plain) in SBGOLOB.CBT506.FILE669, moved to FILE669/REXXGBLV
2023-08-06 06:23:04.480792 - Found REXXMACS.txt (text/plain) in SBGOLOB.CBT506.FILE669, moved to FILE669/REXXMACS
2023-08-06 06:23:04.481909 - Found REXXSTOR.jcl (text/plain) in SBGOLOB.CBT506.FILE669, moved to FILE669/REXXSTOR
2023-08-06 06:23:04.483166 - Found REXXVARS.jcl (text/plain) in SBGOLOB.CBT506.FILE669, moved to FILE669/REXXVARS
2023-08-06 06:23:04.484074 - Found RXGVCUST.txt (text/plain) in SBGOLOB.CBT506.FILE669, moved to FILE669/RXGVCUST
2023-08-06 06:23:04.485076 - Found RXGVDOC.txt (text/plain) in SBGOLOB.CBT506.FILE669, moved to FILE669/RXGVDOC
2023-08-06 06:23:04.486167 - Found RXGVHIST.txt (text/plain) in SBGOLOB.CBT506.FILE669, moved to FILE669/RXGVHIST
2023-08-06 06:23:04.487169 - Found RXGVIVP$.jcl (text/plain) in SBGOLOB.CBT506.FILE669, moved to FILE669/RXGVIVP$
2023-08-06 06:23:04.488112 - Found RXGVIVP1.rexx (text/plain) in SBGOLOB.CBT506.FILE669, moved to FILE669/RXGVIVP1
2023-08-06 06:23:04.489032 - Found RXGVIVP2.rexx (text/plain) in SBGOLOB.CBT506.FILE669, moved to FILE669/RXGVIVP2
2023-08-06 06:23:04.490006 - Found RXGVI076.rexx (text/plain) in SBGOLOB.CBT506.FILE669, moved to FILE669/RXGVI076
2023-08-06 06:23:04.490977 - Found RXGVMACS.txt (text/plain) in SBGOLOB.CBT506.FILE669, moved to FILE669/RXGVMACS
2023-08-06 06:23:04.492835 - De-xmi-ed RXGVPDF to CBT669/docs/RXGVPDF.pdf
2023-08-06 06:23:04.494006 - Found RXGVPED.rexx (text/plain) in SBGOLOB.CBT506.FILE669, moved to FILE669/RXGVPED
2023-08-06 06:23:04.495067 - Found RXGVPED#.txt (text/plain) in SBGOLOB.CBT506.FILE669, moved to FILE669/RXGVPED#
2023-08-06 06:23:04.496127 - Found RXGVRDME.txt (text/plain) in SBGOLOB.CBT506.FILE669, moved to FILE669/RXGVRDME
2023-08-06 06:23:04.497089 - Found RXGVSAMP.txt (text/plain) in SBGOLOB.CBT506.FILE669, moved to FILE669/RXGVSAMP
2023-08-06 06:23:04.497953 - Found RXGVVIEW.rexx (text/plain) in SBGOLOB.CBT506.FILE669, moved to FILE669/RXGVVIEW
2023-08-06 06:23:04.498798 - Found RXOPCOMM.jcl (text/plain) in SBGOLOB.CBT506.FILE669, moved to FILE669/RXOPCOMM
2023-08-06 06:23:04.499630 - Found RXOPDOC.txt (text/plain) in SBGOLOB.CBT506.FILE669, moved to FILE669/RXOPDOC
2023-08-06 06:23:04.500568 - Found RXOPHIST.txt (text/plain) in SBGOLOB.CBT506.FILE669, moved to FILE669/RXOPHIST
2023-08-06 06:23:04.501643 - Found RXOPIVP$.jcl (text/plain) in SBGOLOB.CBT506.FILE669, moved to FILE669/RXOPIVP$
2023-08-06 06:23:04.502539 - Found RXOPIVP1.rexx (text/plain) in SBGOLOB.CBT506.FILE669, moved to FILE669/RXOPIVP1
2023-08-06 06:23:04.503427 - Found RXOPI008.rexx (text/plain) in SBGOLOB.CBT506.FILE669, moved to FILE669/RXOPI008
2023-08-06 06:23:04.504293 - Found RXOPRDME.txt (text/plain) in SBGOLOB.CBT506.FILE669, moved to FILE669/RXOPRDME
2023-08-06 06:23:04.505286 - Found RXPATTRN.jcl (text/plain) in SBGOLOB.CBT506.FILE669, moved to FILE669/RXPATTRN
2023-08-06 06:23:04.506301 - Found RXPATTRX.rexx (text/plain) in SBGOLOB.CBT506.FILE669, moved to FILE669/RXPATTRX
2023-08-06 06:23:04.507233 - Found RXPI@INT.txt (text/plain) in SBGOLOB.CBT506.FILE669, moved to FILE669/RXPI@INT
2023-08-06 06:23:04.508128 - Found RXPI@MAN.txt (text/plain) in SBGOLOB.CBT506.FILE669, moved to FILE669/RXPI@MAN
2023-08-06 06:23:04.509090 - Found RXPI@USG.txt (text/plain) in SBGOLOB.CBT506.FILE669, moved to FILE669/RXPI@USG
2023-08-06 06:23:04.510111 - Found RXPICATS.rexx (text/plain) in SBGOLOB.CBT506.FILE669, moved to FILE669/RXPICATS
2023-08-06 06:23:04.511053 - Found RXPIDEM$.jcl (text/plain) in SBGOLOB.CBT506.FILE669, moved to FILE669/RXPIDEM$
2023-08-06 06:23:04.512249 - Found RXPIDEMO.rexx (text/plain) in SBGOLOB.CBT506.FILE669, moved to FILE669/RXPIDEMO
2023-08-06 06:23:04.513332 - Found RXPIDSOR.rexx (text/plain) in SBGOLOB.CBT506.FILE669, moved to FILE669/RXPIDSOR
2023-08-06 06:23:04.514382 - Found RXPIHIST.txt (text/plain) in SBGOLOB.CBT506.FILE669, moved to FILE669/RXPIHIST
2023-08-06 06:23:04.515513 - Found RXPIHSOR.rexx (text/plain) in SBGOLOB.CBT506.FILE669, moved to FILE669/RXPIHSOR
2023-08-06 06:23:04.516632 - Found RXPIINIT.rexx (text/plain) in SBGOLOB.CBT506.FILE669, moved to FILE669/RXPIINIT
2023-08-06 06:23:04.517608 - Found RXPIINS$.jcl (text/plain) in SBGOLOB.CBT506.FILE669, moved to FILE669/RXPIINS$
2023-08-06 06:23:04.518684 - Found RXPIISPF.rexx (text/plain) in SBGOLOB.CBT506.FILE669, moved to FILE669/RXPIISPF
2023-08-06 06:23:04.519642 - Found RXPIKPAR.txt (text/plain) in SBGOLOB.CBT506.FILE669, moved to FILE669/RXPIKPAR
2023-08-06 06:23:04.520544 - Found RXPIMBRL.rexx (text/plain) in SBGOLOB.CBT506.FILE669, moved to FILE669/RXPIMBRL
2023-08-06 06:23:04.521465 - Found RXPIPDSM.rexx (text/plain) in SBGOLOB.CBT506.FILE669, moved to FILE669/RXPIPDSM
2023-08-06 06:23:04.522474 - Found RXPIPE.rexx (text/plain) in SBGOLOB.CBT506.FILE669, moved to FILE669/RXPIPE
2023-08-06 06:23:04.523428 - Found RXPIPE1.rexx (text/plain) in SBGOLOB.CBT506.FILE669, moved to FILE669/RXPIPE1
2023-08-06 06:23:04.524269 - Found RXPIRDME.txt (text/plain) in SBGOLOB.CBT506.FILE669, moved to FILE669/RXPIRDME
2023-08-06 06:23:04.525127 - Found RXPISDSF.rexx (text/plain) in SBGOLOB.CBT506.FILE669, moved to FILE669/RXPISDSF
2023-08-06 06:23:04.526135 - Found RXPIVSAM.rexx (text/plain) in SBGOLOB.CBT506.FILE669, moved to FILE669/RXPIVSAM
2023-08-06 06:23:04.527078 - Found RXPNDOC.txt (text/plain) in SBGOLOB.CBT506.FILE669, moved to FILE669/RXPNDOC
2023-08-06 06:23:04.528073 - Found RXPNHIST.txt (text/plain) in SBGOLOB.CBT506.FILE669, moved to FILE669/RXPNHIST
2023-08-06 06:23:04.529105 - Found RXPNIVP$.jcl (text/plain) in SBGOLOB.CBT506.FILE669, moved to FILE669/RXPNIVP$
2023-08-06 06:23:04.530130 - Found RXPNIVP1.rexx (text/plain) in SBGOLOB.CBT506.FILE669, moved to FILE669/RXPNIVP1
2023-08-06 06:23:04.531056 - Found RXPNIVP2.rexx (text/plain) in SBGOLOB.CBT506.FILE669, moved to FILE669/RXPNIVP2
2023-08-06 06:23:04.531942 - Found RXPNIV2$.jcl (text/plain) in SBGOLOB.CBT506.FILE669, moved to FILE669/RXPNIV2$
2023-08-06 06:23:04.532777 - Found RXPNI009.rexx (text/plain) in SBGOLOB.CBT506.FILE669, moved to FILE669/RXPNI009
2023-08-06 06:23:04.533789 - Found RXPNMACS.txt (text/plain) in SBGOLOB.CBT506.FILE669, moved to FILE669/RXPNMACS
2023-08-06 06:23:04.534772 - Found RXPNPRFT.jcl (text/plain) in SBGOLOB.CBT506.FILE669, moved to FILE669/RXPNPRFT
2023-08-06 06:23:04.535745 - Found RXPNRDME.txt (text/plain) in SBGOLOB.CBT506.FILE669, moved to FILE669/RXPNRDME
2023-08-06 06:23:04.536720 - Found RXPNTEXT.txt (text/plain) in SBGOLOB.CBT506.FILE669, moved to FILE669/RXPNTEXT
2023-08-06 06:23:04.537706 - Found RXRDDOC.txt (text/plain) in SBGOLOB.CBT506.FILE669, moved to FILE669/RXRDDOC
2023-08-06 06:23:04.538739 - Found RXRDHIST.txt (text/plain) in SBGOLOB.CBT506.FILE669, moved to FILE669/RXRDHIST
2023-08-06 06:23:04.539694 - Found RXRDIVP1.rexx (text/plain) in SBGOLOB.CBT506.FILE669, moved to FILE669/RXRDIVP1
2023-08-06 06:23:04.540585 - Found RXRDPRML.jcl (text/plain) in SBGOLOB.CBT506.FILE669, moved to FILE669/RXRDPRML
2023-08-06 06:23:04.541434 - Found RXREALDS.jcl (text/plain) in SBGOLOB.CBT506.FILE669, moved to FILE669/RXREALDS
2023-08-06 06:23:04.542295 - Found RXRPDOC.txt (text/plain) in SBGOLOB.CBT506.FILE669, moved to FILE669/RXRPDOC
2023-08-06 06:23:04.543278 - Found RXRPHIST.txt (text/plain) in SBGOLOB.CBT506.FILE669, moved to FILE669/RXRPHIST
2023-08-06 06:23:04.544251 - Found RXRPIVP$.jcl (text/plain) in SBGOLOB.CBT506.FILE669, moved to FILE669/RXRPIVP$
2023-08-06 06:23:04.545292 - Found RXRPIVP1.rexx (text/plain) in SBGOLOB.CBT506.FILE669, moved to FILE669/RXRPIVP1
2023-08-06 06:23:04.546264 - Found RXRPRDME.txt (text/plain) in SBGOLOB.CBT506.FILE669, moved to FILE669/RXRPRDME
2023-08-06 06:23:04.547260 - Found RXRVDOC.txt (text/plain) in SBGOLOB.CBT506.FILE669, moved to FILE669/RXRVDOC
2023-08-06 06:23:04.548293 - Found RXRVHIST.txt (text/plain) in SBGOLOB.CBT506.FILE669, moved to FILE669/RXRVHIST
2023-08-06 06:23:04.549368 - Found RXRVINUL.rexx (text/plain) in SBGOLOB.CBT506.FILE669, moved to FILE669/RXRVINUL
2023-08-06 06:23:04.550419 - Found RXRVIV$$.jcl (text/plain) in SBGOLOB.CBT506.FILE669, moved to FILE669/RXRVIV$$
2023-08-06 06:23:04.551488 - Found RXRVIVP$.jcl (text/plain) in SBGOLOB.CBT506.FILE669, moved to FILE669/RXRVIVP$
2023-08-06 06:23:04.552515 - Found RXRVIVP1.rexx (text/plain) in SBGOLOB.CBT506.FILE669, moved to FILE669/RXRVIVP1
2023-08-06 06:23:04.553580 - Found RXRVI006.rexx (text/plain) in SBGOLOB.CBT506.FILE669, moved to FILE669/RXRVI006
2023-08-06 06:23:04.554591 - Found RXRVMACS.txt (text/plain) in SBGOLOB.CBT506.FILE669, moved to FILE669/RXRVMACS
2023-08-06 06:23:04.555534 - Found RXRVRDME.txt (text/plain) in SBGOLOB.CBT506.FILE669, moved to FILE669/RXRVRDME
2023-08-06 06:23:04.556494 - Found RXRVTBRO.rexx (text/plain) in SBGOLOB.CBT506.FILE669, moved to FILE669/RXRVTBRO
2023-08-06 06:23:04.557634 - Found RXRVTEDI.rexx (text/plain) in SBGOLOB.CBT506.FILE669, moved to FILE669/RXRVTEDI
2023-08-06 06:23:04.558669 - Found RXRVTEM1.rexx (text/plain) in SBGOLOB.CBT506.FILE669, moved to FILE669/RXRVTEM1
2023-08-06 06:23:04.559659 - Found RXRVTEM2.rexx (text/plain) in SBGOLOB.CBT506.FILE669, moved to FILE669/RXRVTEM2
2023-08-06 06:23:04.560594 - Found RXRVTEM3.rexx (text/plain) in SBGOLOB.CBT506.FILE669, moved to FILE669/RXRVTEM3
2023-08-06 06:23:04.561601 - Found RXRVTVIE.rexx (text/plain) in SBGOLOB.CBT506.FILE669, moved to FILE669/RXRVTVIE
2023-08-06 06:23:04.562524 - Found RXSTDOC.txt (text/plain) in SBGOLOB.CBT506.FILE669, moved to FILE669/RXSTDOC
2023-08-06 06:23:04.563390 - Found RXSTHIST.txt (text/plain) in SBGOLOB.CBT506.FILE669, moved to FILE669/RXSTHIST
2023-08-06 06:23:04.564233 - Found RXSTIVP.rexx (text/plain) in SBGOLOB.CBT506.FILE669, moved to FILE669/RXSTIVP
2023-08-06 06:23:04.565100 - Found RXSTIVP$.jcl (text/plain) in SBGOLOB.CBT506.FILE669, moved to FILE669/RXSTIVP$
2023-08-06 06:23:04.565955 - Found RXSTMACS.txt (text/plain) in SBGOLOB.CBT506.FILE669, moved to FILE669/RXSTMACS
2023-08-06 06:23:04.566893 - Found RXSTRDME.txt (text/plain) in SBGOLOB.CBT506.FILE669, moved to FILE669/RXSTRDME
2023-08-06 06:23:04.567733 - Found RXVBDOC.txt (text/plain) in SBGOLOB.CBT506.FILE669, moved to FILE669/RXVBDOC
2023-08-06 06:23:04.568684 - Found RXVBHIST.txt (text/plain) in SBGOLOB.CBT506.FILE669, moved to FILE669/RXVBHIST
2023-08-06 06:23:04.569678 - Found RXVBIVP$.jcl (text/plain) in SBGOLOB.CBT506.FILE669, moved to FILE669/RXVBIVP$
2023-08-06 06:23:04.570683 - Found RXVBIVP1.rexx (text/plain) in SBGOLOB.CBT506.FILE669, moved to FILE669/RXVBIVP1
2023-08-06 06:23:04.571670 - Found RXVBI028.rexx (text/plain) in SBGOLOB.CBT506.FILE669, moved to FILE669/RXVBI028
2023-08-06 06:23:04.572648 - Found RXVBMACS.txt (text/plain) in SBGOLOB.CBT506.FILE669, moved to FILE669/RXVBMACS
2023-08-06 06:23:04.573687 - Found RXVBRDME.txt (text/plain) in SBGOLOB.CBT506.FILE669, moved to FILE669/RXVBRDME
2023-08-06 06:23:04.574746 - Found RXVSAMBA.jcl (text/plain) in SBGOLOB.CBT506.FILE669, moved to FILE669/RXVSAMBA
2023-08-06 06:23:04.575621 - Found RXWAIT.jcl (text/plain) in SBGOLOB.CBT506.FILE669, moved to FILE669/RXWAIT
2023-08-06 06:23:04.576454 - Found RXWTDOC.txt (text/plain) in SBGOLOB.CBT506.FILE669, moved to FILE669/RXWTDOC
2023-08-06 06:23:04.577446 - Found RXWTHIST.txt (text/plain) in SBGOLOB.CBT506.FILE669, moved to FILE669/RXWTHIST
2023-08-06 06:23:04.578515 - Found RXWTIVP1.rexx (text/plain) in SBGOLOB.CBT506.FILE669, moved to FILE669/RXWTIVP1
2023-08-06 06:23:04.579592 - Found RXWTMACS.txt (text/plain) in SBGOLOB.CBT506.FILE669, moved to FILE669/RXWTMACS
2023-08-06 06:23:04.580513 - Found RXWTRDME.txt (text/plain) in SBGOLOB.CBT506.FILE669, moved to FILE669/RXWTRDME
2023-08-06 06:23:04.581714 - Found SYSMACS.txt (text/plain) in SBGOLOB.CBT506.FILE669, moved to FILE669/SYSMACS
2023-08-06 06:23:04.582737 - Found VCBMACS.txt (text/plain) in SBGOLOB.CBT506.FILE669, moved to FILE669/VCBMACS
2023-08-06 06:23:04.583682 - Found WSAMMACS.txt (text/plain) in SBGOLOB.CBT506.FILE669, moved to FILE669/WSAMMACS
2023-08-06 06:23:04.584698 - Found Z669MAC1.txt (text/plain) in SBGOLOB.CBT506.FILE669, moved to FILE669/Z669MAC1
2023-08-06 06:23:04.585705 - Found Z669UPDT.rexx (text/plain) in SBGOLOB.CBT506.FILE669, moved to FILE669/Z669UPDT
